2019-11-02T21:35:04+00:00 dhcp-mcfad-460.eduroam.cornell.edu#00 I: Runner: processes
2019-11-02T21:35:04+00:00 dhcp-mcfad-460.eduroam.cornell.edu#00 I: Chooser: simple
2019-11-02T21:35:04+00:00 dhcp-mcfad-460.eduroam.cornell.edu#00 I: Configuration suite_name = "suite"
2019-11-02T21:35:04+00:00 dhcp-mcfad-460.eduroam.cornell.edu#00 I: Configuration cache_filename = "/Users/temp_account/Documents/Cornell/Senior/Generic_Card_Game_Engine/_build/oUnit-$(suite_name).cache"
2019-11-02T21:35:04+00:00 dhcp-mcfad-460.eduroam.cornell.edu#00 I: Configuration display = "true"
2019-11-02T21:35:04+00:00 dhcp-mcfad-460.eduroam.cornell.edu#00 I: Configuration results_style_1_X = "false"
2019-11-02T21:35:04+00:00 dhcp-mcfad-460.eduroam.cornell.edu#00 I: Configuration verbose = "false"
2019-11-02T21:35:04+00:00 dhcp-mcfad-460.eduroam.cornell.edu#00 I: Configuration health_check_interval = "1."
2019-11-02T21:35:04+00:00 dhcp-mcfad-460.eduroam.cornell.edu#00 I: Configuration testdata_dir = "none"
2019-11-02T21:35:04+00:00 dhcp-mcfad-460.eduroam.cornell.edu#00 I: Configuration chooser = "simple"
2019-11-02T21:35:04+00:00 dhcp-mcfad-460.eduroam.cornell.edu#00 I: Configuration output_html_dir = "none"
2019-11-02T21:35:04+00:00 dhcp-mcfad-460.eduroam.cornell.edu#00 I: Configuration processes_kill_period = "5."
2019-11-02T21:35:04+00:00 dhcp-mcfad-460.eduroam.cornell.edu#00 I: Configuration runner = "processes"
2019-11-02T21:35:04+00:00 dhcp-mcfad-460.eduroam.cornell.edu#00 I: Configuration shards = "2"
2019-11-02T21:35:04+00:00 dhcp-mcfad-460.eduroam.cornell.edu#00 I: Configuration processes_grace_period = "5."
2019-11-02T21:35:04+00:00 dhcp-mcfad-460.eduroam.cornell.edu#00 I: Configuration log_encoding = "utf-8"
2019-11-02T21:35:04+00:00 dhcp-mcfad-460.eduroam.cornell.edu#00 I: Configuration output_junit_file = "none"
2019-11-02T21:35:04+00:00 dhcp-mcfad-460.eduroam.cornell.edu#00 I: Configuration output_file = "/Users/temp_account/Documents/Cornell/Senior/Generic_Card_Game_Engine/_build/oUnit-$(suite_name)-$(shard_id).log"
2019-11-02T21:35:04+00:00 dhcp-mcfad-460.eduroam.cornell.edu#00 I: Using 2 workers maximum.
2019-11-02T21:35:04+00:00 dhcp-mcfad-460.eduroam.cornell.edu#00 I: Starting worker number dhcp-mcfad-460.eduroam.cornell.edu#01.
2019-11-02T21:35:04+00:00 dhcp-mcfad-460.eduroam.cornell.edu#00 I: Worker dhcp-mcfad-460.eduroam.cornell.edu#01 started.
2019-11-02T21:35:04+00:00 dhcp-mcfad-460.eduroam.cornell.edu#00 I: Starting worker number dhcp-mcfad-460.eduroam.cornell.edu#02.
2019-11-02T21:35:04+00:00 dhcp-mcfad-460.eduroam.cornell.edu#00 I: Worker dhcp-mcfad-460.eduroam.cornell.edu#02 started.
2019-11-02T21:35:04+00:00 dhcp-mcfad-460.eduroam.cornell.edu#00 I: 2 tests running: suite:1:(2), suite:0:(1).
2019-11-02T21:35:04+00:00 dhcp-mcfad-460.eduroam.cornell.edu#01 I: Start test suite:0:(1).
2019-11-02T21:35:04+00:00 dhcp-mcfad-460.eduroam.cornell.edu#00 I: 2 tests running: suite:1:(2), suite:0:(1).
2019-11-02T21:35:04+00:00 dhcp-mcfad-460.eduroam.cornell.edu#02 I: Start test suite:1:(2).
2019-11-02T21:35:04+00:00 dhcp-mcfad-460.eduroam.cornell.edu#00 I: 2 tests running: suite:1:(2), suite:0:(1).
2019-11-02T21:35:04+00:00 dhcp-mcfad-460.eduroam.cornell.edu#02 I: Test suite:1:(2) is successful.
2019-11-02T21:35:04+00:00 dhcp-mcfad-460.eduroam.cornell.edu#00 I: 2 tests running: suite:1:(2), suite:0:(1).
2019-11-02T21:35:04+00:00 dhcp-mcfad-460.eduroam.cornell.edu#02 I: End test suite:1:(2).
2019-11-02T21:35:04+00:00 dhcp-mcfad-460.eduroam.cornell.edu#00 I: 2 tests running: suite:1:(2), suite:0:(1).
2019-11-02T21:35:04+00:00 dhcp-mcfad-460.eduroam.cornell.edu#00 I: 2 tests running: suite:2:(3), suite:0:(1).
2019-11-02T21:35:04+00:00 dhcp-mcfad-460.eduroam.cornell.edu#02 I: Start test suite:2:(3).
2019-11-02T21:35:04+00:00 dhcp-mcfad-460.eduroam.cornell.edu#00 I: 2 tests running: suite:2:(3), suite:0:(1).
2019-11-02T21:35:04+00:00 dhcp-mcfad-460.eduroam.cornell.edu#01 I: Test suite:0:(1) is successful.
2019-11-02T21:35:04+00:00 dhcp-mcfad-460.eduroam.cornell.edu#00 I: 2 tests running: suite:2:(3), suite:0:(1).
2019-11-02T21:35:04+00:00 dhcp-mcfad-460.eduroam.cornell.edu#01 I: End test suite:0:(1).
2019-11-02T21:35:04+00:00 dhcp-mcfad-460.eduroam.cornell.edu#00 I: 2 tests running: suite:2:(3), suite:0:(1).
2019-11-02T21:35:04+00:00 dhcp-mcfad-460.eduroam.cornell.edu#00 I: 2 tests running: suite:3:(4), suite:2:(3).
2019-11-02T21:35:04+00:00 dhcp-mcfad-460.eduroam.cornell.edu#01 I: Start test suite:3:(4).
2019-11-02T21:35:04+00:00 dhcp-mcfad-460.eduroam.cornell.edu#00 I: 2 tests running: suite:3:(4), suite:2:(3).
2019-11-02T21:35:05+00:00 dhcp-mcfad-460.eduroam.cornell.edu#01 I: Test suite:3:(4) is successful.
2019-11-02T21:35:05+00:00 dhcp-mcfad-460.eduroam.cornell.edu#00 I: 2 tests running: suite:3:(4), suite:2:(3).
2019-11-02T21:35:05+00:00 dhcp-mcfad-460.eduroam.cornell.edu#01 I: End test suite:3:(4).
2019-11-02T21:35:05+00:00 dhcp-mcfad-460.eduroam.cornell.edu#00 I: 2 tests running: suite:3:(4), suite:2:(3).
2019-11-02T21:35:05+00:00 dhcp-mcfad-460.eduroam.cornell.edu#00 I: 2 tests running: suite:4:(5), suite:2:(3).
2019-11-02T21:35:05+00:00 dhcp-mcfad-460.eduroam.cornell.edu#01 I: Start test suite:4:(5).
2019-11-02T21:35:05+00:00 dhcp-mcfad-460.eduroam.cornell.edu#00 I: 2 tests running: suite:4:(5), suite:2:(3).
2019-11-02T21:35:05+00:00 dhcp-mcfad-460.eduroam.cornell.edu#02 I: Test suite:2:(3) is successful.
2019-11-02T21:35:05+00:00 dhcp-mcfad-460.eduroam.cornell.edu#00 I: 2 tests running: suite:4:(5), suite:2:(3).
2019-11-02T21:35:05+00:00 dhcp-mcfad-460.eduroam.cornell.edu#02 I: End test suite:2:(3).
2019-11-02T21:35:05+00:00 dhcp-mcfad-460.eduroam.cornell.edu#00 I: 2 tests running: suite:4:(5), suite:2:(3).
2019-11-02T21:35:05+00:00 dhcp-mcfad-460.eduroam.cornell.edu#00 I: 2 tests running: suite:5:(6), suite:4:(5).
2019-11-02T21:35:05+00:00 dhcp-mcfad-460.eduroam.cornell.edu#02 I: Start test suite:5:(6).
2019-11-02T21:35:05+00:00 dhcp-mcfad-460.eduroam.cornell.edu#00 I: 2 tests running: suite:5:(6), suite:4:(5).
2019-11-02T21:35:05+00:00 dhcp-mcfad-460.eduroam.cornell.edu#01 I: Test suite:4:(5) is successful.
2019-11-02T21:35:05+00:00 dhcp-mcfad-460.eduroam.cornell.edu#00 I: 2 tests running: suite:5:(6), suite:4:(5).
2019-11-02T21:35:05+00:00 dhcp-mcfad-460.eduroam.cornell.edu#01 I: End test suite:4:(5).
2019-11-02T21:35:05+00:00 dhcp-mcfad-460.eduroam.cornell.edu#00 I: 2 tests running: suite:5:(6), suite:4:(5).
2019-11-02T21:35:05+00:00 dhcp-mcfad-460.eduroam.cornell.edu#00 I: 2 tests running: suite:6:(7), suite:5:(6).
2019-11-02T21:35:05+00:00 dhcp-mcfad-460.eduroam.cornell.edu#01 I: Start test suite:6:(7).
2019-11-02T21:35:05+00:00 dhcp-mcfad-460.eduroam.cornell.edu#00 I: 2 tests running: suite:6:(7), suite:5:(6).
2019-11-02T21:35:05+00:00 dhcp-mcfad-460.eduroam.cornell.edu#02 I: Test suite:5:(6) is successful.
2019-11-02T21:35:05+00:00 dhcp-mcfad-460.eduroam.cornell.edu#00 I: 2 tests running: suite:6:(7), suite:5:(6).
2019-11-02T21:35:05+00:00 dhcp-mcfad-460.eduroam.cornell.edu#02 I: End test suite:5:(6).
2019-11-02T21:35:05+00:00 dhcp-mcfad-460.eduroam.cornell.edu#00 I: 2 tests running: suite:6:(7), suite:5:(6).
2019-11-02T21:35:05+00:00 dhcp-mcfad-460.eduroam.cornell.edu#00 I: 2 tests running: suite:7:(8), suite:6:(7).
2019-11-02T21:35:05+00:00 dhcp-mcfad-460.eduroam.cornell.edu#02 I: Start test suite:7:(8).
2019-11-02T21:35:05+00:00 dhcp-mcfad-460.eduroam.cornell.edu#00 I: 2 tests running: suite:7:(8), suite:6:(7).
2019-11-02T21:35:05+00:00 dhcp-mcfad-460.eduroam.cornell.edu#01 I: Test suite:6:(7) is successful.
2019-11-02T21:35:05+00:00 dhcp-mcfad-460.eduroam.cornell.edu#00 I: 2 tests running: suite:7:(8), suite:6:(7).
2019-11-02T21:35:05+00:00 dhcp-mcfad-460.eduroam.cornell.edu#01 I: End test suite:6:(7).
2019-11-02T21:35:05+00:00 dhcp-mcfad-460.eduroam.cornell.edu#00 I: 2 tests running: suite:7:(8), suite:6:(7).
2019-11-02T21:35:05+00:00 dhcp-mcfad-460.eduroam.cornell.edu#00 I: 2 tests running: suite:8:(9), suite:7:(8).
2019-11-02T21:35:05+00:00 dhcp-mcfad-460.eduroam.cornell.edu#01 I: Start test suite:8:(9).
2019-11-02T21:35:05+00:00 dhcp-mcfad-460.eduroam.cornell.edu#00 I: 2 tests running: suite:8:(9), suite:7:(8).
2019-11-02T21:35:05+00:00 dhcp-mcfad-460.eduroam.cornell.edu#02 I: Test suite:7:(8) is successful.
2019-11-02T21:35:05+00:00 dhcp-mcfad-460.eduroam.cornell.edu#00 I: 2 tests running: suite:8:(9), suite:7:(8).
2019-11-02T21:35:05+00:00 dhcp-mcfad-460.eduroam.cornell.edu#02 I: End test suite:7:(8).
2019-11-02T21:35:05+00:00 dhcp-mcfad-460.eduroam.cornell.edu#00 I: 2 tests running: suite:8:(9), suite:7:(8).
2019-11-02T21:35:05+00:00 dhcp-mcfad-460.eduroam.cornell.edu#00 I: 2 tests running: suite:9:(10), suite:8:(9).
2019-11-02T21:35:05+00:00 dhcp-mcfad-460.eduroam.cornell.edu#02 I: Start test suite:9:(10).
2019-11-02T21:35:05+00:00 dhcp-mcfad-460.eduroam.cornell.edu#00 I: 2 tests running: suite:9:(10), suite:8:(9).
2019-11-02T21:35:05+00:00 dhcp-mcfad-460.eduroam.cornell.edu#01 I: Test suite:8:(9) is successful.
2019-11-02T21:35:05+00:00 dhcp-mcfad-460.eduroam.cornell.edu#00 I: 2 tests running: suite:9:(10), suite:8:(9).
2019-11-02T21:35:05+00:00 dhcp-mcfad-460.eduroam.cornell.edu#01 I: End test suite:8:(9).
2019-11-02T21:35:05+00:00 dhcp-mcfad-460.eduroam.cornell.edu#00 I: 2 tests running: suite:9:(10), suite:8:(9).
2019-11-02T21:35:05+00:00 dhcp-mcfad-460.eduroam.cornell.edu#00 I: 2 tests running: suite:10:(11), suite:9:(10).
2019-11-02T21:35:05+00:00 dhcp-mcfad-460.eduroam.cornell.edu#01 I: Start test suite:10:(11).
2019-11-02T21:35:05+00:00 dhcp-mcfad-460.eduroam.cornell.edu#00 I: 2 tests running: suite:10:(11), suite:9:(10).
2019-11-02T21:35:05+00:00 dhcp-mcfad-460.eduroam.cornell.edu#02 I: Test suite:9:(10) is successful.
2019-11-02T21:35:05+00:00 dhcp-mcfad-460.eduroam.cornell.edu#00 I: 2 tests running: suite:10:(11), suite:9:(10).
2019-11-02T21:35:05+00:00 dhcp-mcfad-460.eduroam.cornell.edu#02 I: End test suite:9:(10).
2019-11-02T21:35:05+00:00 dhcp-mcfad-460.eduroam.cornell.edu#00 I: 2 tests running: suite:10:(11), suite:9:(10).
2019-11-02T21:35:05+00:00 dhcp-mcfad-460.eduroam.cornell.edu#00 I: 2 tests running: suite:11:(12), suite:10:(11).
2019-11-02T21:35:05+00:00 dhcp-mcfad-460.eduroam.cornell.edu#02 I: Start test suite:11:(12).
2019-11-02T21:35:05+00:00 dhcp-mcfad-460.eduroam.cornell.edu#00 I: 2 tests running: suite:11:(12), suite:10:(11).
2019-11-02T21:35:05+00:00 dhcp-mcfad-460.eduroam.cornell.edu#01 I: Test suite:10:(11) is successful.
2019-11-02T21:35:05+00:00 dhcp-mcfad-460.eduroam.cornell.edu#00 I: 2 tests running: suite:11:(12), suite:10:(11).
2019-11-02T21:35:05+00:00 dhcp-mcfad-460.eduroam.cornell.edu#01 I: End test suite:10:(11).
2019-11-02T21:35:05+00:00 dhcp-mcfad-460.eduroam.cornell.edu#00 I: 2 tests running: suite:11:(12), suite:10:(11).
2019-11-02T21:35:05+00:00 dhcp-mcfad-460.eduroam.cornell.edu#00 I: 2 tests running: suite:12:(13), suite:11:(12).
2019-11-02T21:35:05+00:00 dhcp-mcfad-460.eduroam.cornell.edu#01 I: Start test suite:12:(13).
2019-11-02T21:35:05+00:00 dhcp-mcfad-460.eduroam.cornell.edu#00 I: 2 tests running: suite:12:(13), suite:11:(12).
2019-11-02T21:35:05+00:00 dhcp-mcfad-460.eduroam.cornell.edu#02 I: Test suite:11:(12) is successful.
2019-11-02T21:35:05+00:00 dhcp-mcfad-460.eduroam.cornell.edu#00 I: 2 tests running: suite:12:(13), suite:11:(12).
2019-11-02T21:35:05+00:00 dhcp-mcfad-460.eduroam.cornell.edu#02 I: End test suite:11:(12).
2019-11-02T21:35:05+00:00 dhcp-mcfad-460.eduroam.cornell.edu#00 I: 2 tests running: suite:12:(13), suite:11:(12).
2019-11-02T21:35:05+00:00 dhcp-mcfad-460.eduroam.cornell.edu#00 I: 2 tests running: suite:13:(14), suite:12:(13).
2019-11-02T21:35:05+00:00 dhcp-mcfad-460.eduroam.cornell.edu#02 I: Start test suite:13:(14).
2019-11-02T21:35:05+00:00 dhcp-mcfad-460.eduroam.cornell.edu#00 I: 2 tests running: suite:13:(14), suite:12:(13).
2019-11-02T21:35:05+00:00 dhcp-mcfad-460.eduroam.cornell.edu#02 I: Test suite:13:(14) is successful.
2019-11-02T21:35:05+00:00 dhcp-mcfad-460.eduroam.cornell.edu#00 I: 2 tests running: suite:13:(14), suite:12:(13).
2019-11-02T21:35:05+00:00 dhcp-mcfad-460.eduroam.cornell.edu#02 I: End test suite:13:(14).
2019-11-02T21:35:05+00:00 dhcp-mcfad-460.eduroam.cornell.edu#00 I: 2 tests running: suite:13:(14), suite:12:(13).
2019-11-02T21:35:05+00:00 dhcp-mcfad-460.eduroam.cornell.edu#00 I: 2 tests running: suite:14:(15), suite:12:(13).
2019-11-02T21:35:05+00:00 dhcp-mcfad-460.eduroam.cornell.edu#02 I: Start test suite:14:(15).
2019-11-02T21:35:05+00:00 dhcp-mcfad-460.eduroam.cornell.edu#00 I: 2 tests running: suite:14:(15), suite:12:(13).
2019-11-02T21:35:05+00:00 dhcp-mcfad-460.eduroam.cornell.edu#02 I: Test suite:14:(15) is successful.
2019-11-02T21:35:05+00:00 dhcp-mcfad-460.eduroam.cornell.edu#00 I: 2 tests running: suite:14:(15), suite:12:(13).
2019-11-02T21:35:05+00:00 dhcp-mcfad-460.eduroam.cornell.edu#02 I: End test suite:14:(15).
2019-11-02T21:35:05+00:00 dhcp-mcfad-460.eduroam.cornell.edu#00 I: 2 tests running: suite:14:(15), suite:12:(13).
2019-11-02T21:35:05+00:00 dhcp-mcfad-460.eduroam.cornell.edu#00 I: 2 tests running: suite:15:(16), suite:12:(13).
2019-11-02T21:35:05+00:00 dhcp-mcfad-460.eduroam.cornell.edu#02 I: Start test suite:15:(16).
2019-11-02T21:35:05+00:00 dhcp-mcfad-460.eduroam.cornell.edu#00 I: 2 tests running: suite:15:(16), suite:12:(13).
2019-11-02T21:35:05+00:00 dhcp-mcfad-460.eduroam.cornell.edu#02 I: Test suite:15:(16) is successful.
2019-11-02T21:35:05+00:00 dhcp-mcfad-460.eduroam.cornell.edu#00 I: 2 tests running: suite:15:(16), suite:12:(13).
2019-11-02T21:35:05+00:00 dhcp-mcfad-460.eduroam.cornell.edu#02 I: End test suite:15:(16).
2019-11-02T21:35:05+00:00 dhcp-mcfad-460.eduroam.cornell.edu#00 I: 2 tests running: suite:15:(16), suite:12:(13).
2019-11-02T21:35:05+00:00 dhcp-mcfad-460.eduroam.cornell.edu#00 I: 2 tests running: suite:16:(17), suite:12:(13).
2019-11-02T21:35:05+00:00 dhcp-mcfad-460.eduroam.cornell.edu#01 I: Test suite:12:(13) is successful.
2019-11-02T21:35:05+00:00 dhcp-mcfad-460.eduroam.cornell.edu#02 I: Start test suite:16:(17).
2019-11-02T21:35:05+00:00 dhcp-mcfad-460.eduroam.cornell.edu#00 I: 2 tests running: suite:16:(17), suite:12:(13).
2019-11-02T21:35:05+00:00 dhcp-mcfad-460.eduroam.cornell.edu#01 I: End test suite:12:(13).
2019-11-02T21:35:05+00:00 dhcp-mcfad-460.eduroam.cornell.edu#00 I: 2 tests running: suite:16:(17), suite:12:(13).
2019-11-02T21:35:05+00:00 dhcp-mcfad-460.eduroam.cornell.edu#00 I: 2 tests running: suite:17:(18), suite:16:(17).
2019-11-02T21:35:05+00:00 dhcp-mcfad-460.eduroam.cornell.edu#01 I: Start test suite:17:(18).
2019-11-02T21:35:05+00:00 dhcp-mcfad-460.eduroam.cornell.edu#00 I: 2 tests running: suite:17:(18), suite:16:(17).
2019-11-02T21:35:05+00:00 dhcp-mcfad-460.eduroam.cornell.edu#02 I: Test suite:16:(17) is successful.
2019-11-02T21:35:05+00:00 dhcp-mcfad-460.eduroam.cornell.edu#00 I: 2 tests running: suite:17:(18), suite:16:(17).
2019-11-02T21:35:05+00:00 dhcp-mcfad-460.eduroam.cornell.edu#02 I: End test suite:16:(17).
2019-11-02T21:35:05+00:00 dhcp-mcfad-460.eduroam.cornell.edu#00 I: 2 tests running: suite:17:(18), suite:16:(17).
2019-11-02T21:35:05+00:00 dhcp-mcfad-460.eduroam.cornell.edu#00 I: 2 tests running: suite:18:(19), suite:17:(18).
2019-11-02T21:35:05+00:00 dhcp-mcfad-460.eduroam.cornell.edu#02 I: Start test suite:18:(19).
2019-11-02T21:35:05+00:00 dhcp-mcfad-460.eduroam.cornell.edu#00 I: 2 tests running: suite:18:(19), suite:17:(18).
2019-11-02T21:35:05+00:00 dhcp-mcfad-460.eduroam.cornell.edu#01 I: Test suite:17:(18) is successful.
2019-11-02T21:35:05+00:00 dhcp-mcfad-460.eduroam.cornell.edu#00 I: 2 tests running: suite:18:(19), suite:17:(18).
2019-11-02T21:35:05+00:00 dhcp-mcfad-460.eduroam.cornell.edu#01 I: End test suite:17:(18).
2019-11-02T21:35:05+00:00 dhcp-mcfad-460.eduroam.cornell.edu#00 I: 2 tests running: suite:18:(19), suite:17:(18).
2019-11-02T21:35:05+00:00 dhcp-mcfad-460.eduroam.cornell.edu#00 I: 2 tests running: suite:19:(20), suite:18:(19).
2019-11-02T21:35:05+00:00 dhcp-mcfad-460.eduroam.cornell.edu#02 I: Test suite:18:(19) is successful.
2019-11-02T21:35:05+00:00 dhcp-mcfad-460.eduroam.cornell.edu#00 I: 2 tests running: suite:19:(20), suite:18:(19).
2019-11-02T21:35:05+00:00 dhcp-mcfad-460.eduroam.cornell.edu#02 I: End test suite:18:(19).
2019-11-02T21:35:05+00:00 dhcp-mcfad-460.eduroam.cornell.edu#01 I: Start test suite:19:(20).
2019-11-02T21:35:05+00:00 dhcp-mcfad-460.eduroam.cornell.edu#00 I: 2 tests running: suite:19:(20), suite:18:(19).
2019-11-02T21:35:05+00:00 dhcp-mcfad-460.eduroam.cornell.edu#00 I: 2 tests running: suite:20:(21), suite:19:(20).
2019-11-02T21:35:05+00:00 dhcp-mcfad-460.eduroam.cornell.edu#02 I: Start test suite:20:(21).
2019-11-02T21:35:05+00:00 dhcp-mcfad-460.eduroam.cornell.edu#00 I: 2 tests running: suite:20:(21), suite:19:(20).
2019-11-02T21:35:05+00:00 dhcp-mcfad-460.eduroam.cornell.edu#01 I: Test suite:19:(20) is successful.
2019-11-02T21:35:05+00:00 dhcp-mcfad-460.eduroam.cornell.edu#00 I: 2 tests running: suite:20:(21), suite:19:(20).
2019-11-02T21:35:05+00:00 dhcp-mcfad-460.eduroam.cornell.edu#01 I: End test suite:19:(20).
2019-11-02T21:35:05+00:00 dhcp-mcfad-460.eduroam.cornell.edu#00 I: 2 tests running: suite:20:(21), suite:19:(20).
2019-11-02T21:35:05+00:00 dhcp-mcfad-460.eduroam.cornell.edu#02 I: Test suite:20:(21) is successful.
2019-11-02T21:35:05+00:00 dhcp-mcfad-460.eduroam.cornell.edu#00 I: 2 tests running: suite:21:(22), suite:20:(21).
2019-11-02T21:35:05+00:00 dhcp-mcfad-460.eduroam.cornell.edu#02 I: End test suite:20:(21).
2019-11-02T21:35:05+00:00 dhcp-mcfad-460.eduroam.cornell.edu#00 I: 2 tests running: suite:21:(22), suite:20:(21).
2019-11-02T21:35:05+00:00 dhcp-mcfad-460.eduroam.cornell.edu#01 I: Start test suite:21:(22).
2019-11-02T21:35:05+00:00 dhcp-mcfad-460.eduroam.cornell.edu#00 I: 2 tests running: suite:22:(23), suite:21:(22).
2019-11-02T21:35:05+00:00 dhcp-mcfad-460.eduroam.cornell.edu#02 I: Start test suite:22:(23).
2019-11-02T21:35:05+00:00 dhcp-mcfad-460.eduroam.cornell.edu#00 I: 2 tests running: suite:22:(23), suite:21:(22).
2019-11-02T21:35:05+00:00 dhcp-mcfad-460.eduroam.cornell.edu#01 I: Test suite:21:(22) is successful.
2019-11-02T21:35:05+00:00 dhcp-mcfad-460.eduroam.cornell.edu#00 I: 2 tests running: suite:22:(23), suite:21:(22).
2019-11-02T21:35:05+00:00 dhcp-mcfad-460.eduroam.cornell.edu#01 I: End test suite:21:(22).
2019-11-02T21:35:05+00:00 dhcp-mcfad-460.eduroam.cornell.edu#00 I: 2 tests running: suite:22:(23), suite:21:(22).
2019-11-02T21:35:05+00:00 dhcp-mcfad-460.eduroam.cornell.edu#02 I: Test suite:22:(23) is successful.
2019-11-02T21:35:05+00:00 dhcp-mcfad-460.eduroam.cornell.edu#00 I: 2 tests running: suite:23:(24), suite:22:(23).
2019-11-02T21:35:05+00:00 dhcp-mcfad-460.eduroam.cornell.edu#02 I: End test suite:22:(23).
2019-11-02T21:35:05+00:00 dhcp-mcfad-460.eduroam.cornell.edu#00 I: 2 tests running: suite:23:(24), suite:22:(23).
2019-11-02T21:35:05+00:00 dhcp-mcfad-460.eduroam.cornell.edu#01 I: Start test suite:23:(24).
2019-11-02T21:35:05+00:00 dhcp-mcfad-460.eduroam.cornell.edu#00 I: 2 tests running: suite:24:(25), suite:23:(24).
2019-11-02T21:35:05+00:00 dhcp-mcfad-460.eduroam.cornell.edu#02 I: Start test suite:24:(25).
2019-11-02T21:35:05+00:00 dhcp-mcfad-460.eduroam.cornell.edu#00 I: 2 tests running: suite:24:(25), suite:23:(24).
2019-11-02T21:35:05+00:00 dhcp-mcfad-460.eduroam.cornell.edu#01 I: Test suite:23:(24) is successful.
2019-11-02T21:35:05+00:00 dhcp-mcfad-460.eduroam.cornell.edu#00 I: 2 tests running: suite:24:(25), suite:23:(24).
2019-11-02T21:35:05+00:00 dhcp-mcfad-460.eduroam.cornell.edu#01 I: End test suite:23:(24).
2019-11-02T21:35:05+00:00 dhcp-mcfad-460.eduroam.cornell.edu#00 I: 2 tests running: suite:24:(25), suite:23:(24).
2019-11-02T21:35:05+00:00 dhcp-mcfad-460.eduroam.cornell.edu#02 I: Test suite:24:(25) is successful.
2019-11-02T21:35:05+00:00 dhcp-mcfad-460.eduroam.cornell.edu#00 I: 2 tests running: suite:25:(26), suite:24:(25).
2019-11-02T21:35:05+00:00 dhcp-mcfad-460.eduroam.cornell.edu#02 I: End test suite:24:(25).
2019-11-02T21:35:05+00:00 dhcp-mcfad-460.eduroam.cornell.edu#01 I: Start test suite:25:(26).
2019-11-02T21:35:05+00:00 dhcp-mcfad-460.eduroam.cornell.edu#00 I: 2 tests running: suite:25:(26), suite:24:(25).
2019-11-02T21:35:05+00:00 dhcp-mcfad-460.eduroam.cornell.edu#00 I: 2 tests running: suite:26:(27), suite:25:(26).
2019-11-02T21:35:05+00:00 dhcp-mcfad-460.eduroam.cornell.edu#02 I: Start test suite:26:(27).
2019-11-02T21:35:05+00:00 dhcp-mcfad-460.eduroam.cornell.edu#00 I: 2 tests running: suite:26:(27), suite:25:(26).
2019-11-02T21:35:05+00:00 dhcp-mcfad-460.eduroam.cornell.edu#01 I: Test suite:25:(26) is successful.
2019-11-02T21:35:05+00:00 dhcp-mcfad-460.eduroam.cornell.edu#00 I: 2 tests running: suite:26:(27), suite:25:(26).
2019-11-02T21:35:05+00:00 dhcp-mcfad-460.eduroam.cornell.edu#01 I: End test suite:25:(26).
2019-11-02T21:35:05+00:00 dhcp-mcfad-460.eduroam.cornell.edu#00 I: 2 tests running: suite:26:(27), suite:25:(26).
2019-11-02T21:35:05+00:00 dhcp-mcfad-460.eduroam.cornell.edu#00 I: 2 tests running: suite:27:(29), suite:26:(27).
2019-11-02T21:35:05+00:00 dhcp-mcfad-460.eduroam.cornell.edu#02 I: Test suite:26:(27) is successful.
2019-11-02T21:35:05+00:00 dhcp-mcfad-460.eduroam.cornell.edu#00 I: 2 tests running: suite:27:(29), suite:26:(27).
2019-11-02T21:35:05+00:00 dhcp-mcfad-460.eduroam.cornell.edu#02 I: End test suite:26:(27).
2019-11-02T21:35:05+00:00 dhcp-mcfad-460.eduroam.cornell.edu#01 I: Start test suite:27:(29).
2019-11-02T21:35:05+00:00 dhcp-mcfad-460.eduroam.cornell.edu#00 I: 2 tests running: suite:27:(29), suite:26:(27).
2019-11-02T21:35:05+00:00 dhcp-mcfad-460.eduroam.cornell.edu#00 I: 2 tests running: suite:28:(30), suite:27:(29).
2019-11-02T21:35:05+00:00 dhcp-mcfad-460.eduroam.cornell.edu#02 I: Start test suite:28:(30).
2019-11-02T21:35:05+00:00 dhcp-mcfad-460.eduroam.cornell.edu#00 I: 2 tests running: suite:28:(30), suite:27:(29).
2019-11-02T21:35:05+00:00 dhcp-mcfad-460.eduroam.cornell.edu#01 I: Test suite:27:(29) is successful.
2019-11-02T21:35:05+00:00 dhcp-mcfad-460.eduroam.cornell.edu#00 I: 2 tests running: suite:28:(30), suite:27:(29).
2019-11-02T21:35:05+00:00 dhcp-mcfad-460.eduroam.cornell.edu#01 I: End test suite:27:(29).
2019-11-02T21:35:05+00:00 dhcp-mcfad-460.eduroam.cornell.edu#00 I: 2 tests running: suite:28:(30), suite:27:(29).
2019-11-02T21:35:05+00:00 dhcp-mcfad-460.eduroam.cornell.edu#00 I: 2 tests running: suite:29:(31), suite:28:(30).
2019-11-02T21:35:05+00:00 dhcp-mcfad-460.eduroam.cornell.edu#01 I: Start test suite:29:(31).
2019-11-02T21:35:05+00:00 dhcp-mcfad-460.eduroam.cornell.edu#00 I: 2 tests running: suite:29:(31), suite:28:(30).
2019-11-02T21:35:05+00:00 dhcp-mcfad-460.eduroam.cornell.edu#02 I: Test suite:28:(30) is successful.
2019-11-02T21:35:05+00:00 dhcp-mcfad-460.eduroam.cornell.edu#00 I: 2 tests running: suite:29:(31), suite:28:(30).
2019-11-02T21:35:05+00:00 dhcp-mcfad-460.eduroam.cornell.edu#02 I: End test suite:28:(30).
2019-11-02T21:35:05+00:00 dhcp-mcfad-460.eduroam.cornell.edu#00 I: 2 tests running: suite:29:(31), suite:28:(30).
2019-11-02T21:35:05+00:00 dhcp-mcfad-460.eduroam.cornell.edu#00 I: 2 tests running: suite:30:(32), suite:29:(31).
2019-11-02T21:35:05+00:00 dhcp-mcfad-460.eduroam.cornell.edu#02 I: Start test suite:30:(32).
2019-11-02T21:35:05+00:00 dhcp-mcfad-460.eduroam.cornell.edu#00 I: 2 tests running: suite:30:(32), suite:29:(31).
2019-11-02T21:35:05+00:00 dhcp-mcfad-460.eduroam.cornell.edu#01 I: Test suite:29:(31) is successful.
2019-11-02T21:35:05+00:00 dhcp-mcfad-460.eduroam.cornell.edu#00 I: 2 tests running: suite:30:(32), suite:29:(31).
2019-11-02T21:35:05+00:00 dhcp-mcfad-460.eduroam.cornell.edu#01 I: End test suite:29:(31).
2019-11-02T21:35:05+00:00 dhcp-mcfad-460.eduroam.cornell.edu#02 I: Test suite:30:(32) is successful.
2019-11-02T21:35:05+00:00 dhcp-mcfad-460.eduroam.cornell.edu#00 I: 2 tests running: suite:30:(32), suite:29:(31).
2019-11-02T21:35:05+00:00 dhcp-mcfad-460.eduroam.cornell.edu#02 I: End test suite:30:(32).
2019-11-02T21:35:05+00:00 dhcp-mcfad-460.eduroam.cornell.edu#00 I: 2 tests running: suite:31:(33), suite:30:(32).
2019-11-02T21:35:05+00:00 dhcp-mcfad-460.eduroam.cornell.edu#01 I: Start test suite:31:(33).
2019-11-02T21:35:05+00:00 dhcp-mcfad-460.eduroam.cornell.edu#00 I: 2 tests running: suite:32:(34), suite:31:(33).
2019-11-02T21:35:05+00:00 dhcp-mcfad-460.eduroam.cornell.edu#01 I: Test suite:31:(33) is successful.
2019-11-02T21:35:05+00:00 dhcp-mcfad-460.eduroam.cornell.edu#02 I: Start test suite:32:(34).
2019-11-02T21:35:05+00:00 dhcp-mcfad-460.eduroam.cornell.edu#00 I: 2 tests running: suite:32:(34), suite:31:(33).
2019-11-02T21:35:05+00:00 dhcp-mcfad-460.eduroam.cornell.edu#01 I: End test suite:31:(33).
2019-11-02T21:35:05+00:00 dhcp-mcfad-460.eduroam.cornell.edu#02 I: Test suite:32:(34) is successful.
2019-11-02T21:35:05+00:00 dhcp-mcfad-460.eduroam.cornell.edu#00 I: 2 tests running: suite:32:(34), suite:31:(33).
2019-11-02T21:35:05+00:00 dhcp-mcfad-460.eduroam.cornell.edu#02 I: End test suite:32:(34).
2019-11-02T21:35:05+00:00 dhcp-mcfad-460.eduroam.cornell.edu#00 I: 2 tests running: suite:33:(35), suite:32:(34).
2019-11-02T21:35:05+00:00 dhcp-mcfad-460.eduroam.cornell.edu#00 I: 2 tests running: suite:34:(36), suite:33:(35).
2019-11-02T21:35:05+00:00 dhcp-mcfad-460.eduroam.cornell.edu#01 I: Start test suite:33:(35).
2019-11-02T21:35:05+00:00 dhcp-mcfad-460.eduroam.cornell.edu#00 I: 2 tests running: suite:34:(36), suite:33:(35).
2019-11-02T21:35:05+00:00 dhcp-mcfad-460.eduroam.cornell.edu#02 I: Start test suite:34:(36).
2019-11-02T21:35:05+00:00 dhcp-mcfad-460.eduroam.cornell.edu#00 I: 2 tests running: suite:34:(36), suite:33:(35).
2019-11-02T21:35:05+00:00 dhcp-mcfad-460.eduroam.cornell.edu#02 I: Test suite:34:(36) is successful.
2019-11-02T21:35:05+00:00 dhcp-mcfad-460.eduroam.cornell.edu#00 I: 2 tests running: suite:34:(36), suite:33:(35).
2019-11-02T21:35:05+00:00 dhcp-mcfad-460.eduroam.cornell.edu#02 I: End test suite:34:(36).
2019-11-02T21:35:05+00:00 dhcp-mcfad-460.eduroam.cornell.edu#00 I: 2 tests running: suite:34:(36), suite:33:(35).
2019-11-02T21:35:05+00:00 dhcp-mcfad-460.eduroam.cornell.edu#00 I: 2 tests running: suite:35:(37), suite:33:(35).
2019-11-02T21:35:05+00:00 dhcp-mcfad-460.eduroam.cornell.edu#02 I: Start test suite:35:(37).
2019-11-02T21:35:05+00:00 dhcp-mcfad-460.eduroam.cornell.edu#00 I: 2 tests running: suite:35:(37), suite:33:(35).
2019-11-02T21:35:05+00:00 dhcp-mcfad-460.eduroam.cornell.edu#02 I: Test suite:35:(37) is successful.
2019-11-02T21:35:05+00:00 dhcp-mcfad-460.eduroam.cornell.edu#00 I: 2 tests running: suite:35:(37), suite:33:(35).
2019-11-02T21:35:05+00:00 dhcp-mcfad-460.eduroam.cornell.edu#02 I: End test suite:35:(37).
2019-11-02T21:35:05+00:00 dhcp-mcfad-460.eduroam.cornell.edu#00 I: 2 tests running: suite:35:(37), suite:33:(35).
2019-11-02T21:35:05+00:00 dhcp-mcfad-460.eduroam.cornell.edu#00 I: 2 tests running: suite:36:(38), suite:33:(35).
2019-11-02T21:35:05+00:00 dhcp-mcfad-460.eduroam.cornell.edu#02 I: Start test suite:36:(38).
2019-11-02T21:35:05+00:00 dhcp-mcfad-460.eduroam.cornell.edu#00 I: 2 tests running: suite:36:(38), suite:33:(35).
2019-11-02T21:35:05+00:00 dhcp-mcfad-460.eduroam.cornell.edu#02 I: Test suite:36:(38) is successful.
2019-11-02T21:35:05+00:00 dhcp-mcfad-460.eduroam.cornell.edu#00 I: 2 tests running: suite:36:(38), suite:33:(35).
2019-11-02T21:35:05+00:00 dhcp-mcfad-460.eduroam.cornell.edu#02 I: End test suite:36:(38).
2019-11-02T21:35:05+00:00 dhcp-mcfad-460.eduroam.cornell.edu#00 I: 2 tests running: suite:36:(38), suite:33:(35).
2019-11-02T21:35:05+00:00 dhcp-mcfad-460.eduroam.cornell.edu#00 I: 2 tests running: suite:37:(39), suite:33:(35).
2019-11-02T21:35:05+00:00 dhcp-mcfad-460.eduroam.cornell.edu#02 I: Start test suite:37:(39).
2019-11-02T21:35:05+00:00 dhcp-mcfad-460.eduroam.cornell.edu#00 I: 2 tests running: suite:37:(39), suite:33:(35).
2019-11-02T21:35:05+00:00 dhcp-mcfad-460.eduroam.cornell.edu#02 I: Test suite:37:(39) is successful.
2019-11-02T21:35:05+00:00 dhcp-mcfad-460.eduroam.cornell.edu#00 I: 2 tests running: suite:37:(39), suite:33:(35).
2019-11-02T21:35:05+00:00 dhcp-mcfad-460.eduroam.cornell.edu#02 I: End test suite:37:(39).
2019-11-02T21:35:05+00:00 dhcp-mcfad-460.eduroam.cornell.edu#00 I: 2 tests running: suite:37:(39), suite:33:(35).
2019-11-02T21:35:05+00:00 dhcp-mcfad-460.eduroam.cornell.edu#00 I: 2 tests running: suite:38:(40), suite:33:(35).
2019-11-02T21:35:05+00:00 dhcp-mcfad-460.eduroam.cornell.edu#02 I: Start test suite:38:(40).
2019-11-02T21:35:05+00:00 dhcp-mcfad-460.eduroam.cornell.edu#00 I: 2 tests running: suite:38:(40), suite:33:(35).
2019-11-02T21:35:05+00:00 dhcp-mcfad-460.eduroam.cornell.edu#02 I: Test suite:38:(40) is successful.
2019-11-02T21:35:05+00:00 dhcp-mcfad-460.eduroam.cornell.edu#00 I: 2 tests running: suite:38:(40), suite:33:(35).
2019-11-02T21:35:05+00:00 dhcp-mcfad-460.eduroam.cornell.edu#02 I: End test suite:38:(40).
2019-11-02T21:35:05+00:00 dhcp-mcfad-460.eduroam.cornell.edu#00 I: 2 tests running: suite:38:(40), suite:33:(35).
2019-11-02T21:35:05+00:00 dhcp-mcfad-460.eduroam.cornell.edu#00 I: 2 tests running: suite:39:(41), suite:33:(35).
2019-11-02T21:35:05+00:00 dhcp-mcfad-460.eduroam.cornell.edu#02 I: Start test suite:39:(41).
2019-11-02T21:35:05+00:00 dhcp-mcfad-460.eduroam.cornell.edu#00 I: 2 tests running: suite:39:(41), suite:33:(35).
2019-11-02T21:35:05+00:00 dhcp-mcfad-460.eduroam.cornell.edu#02 I: Test suite:39:(41) is successful.
2019-11-02T21:35:05+00:00 dhcp-mcfad-460.eduroam.cornell.edu#00 I: 2 tests running: suite:39:(41), suite:33:(35).
2019-11-02T21:35:05+00:00 dhcp-mcfad-460.eduroam.cornell.edu#02 I: End test suite:39:(41).
2019-11-02T21:35:05+00:00 dhcp-mcfad-460.eduroam.cornell.edu#00 I: 2 tests running: suite:39:(41), suite:33:(35).
2019-11-02T21:35:05+00:00 dhcp-mcfad-460.eduroam.cornell.edu#00 I: 2 tests running: suite:40:(42), suite:33:(35).
2019-11-02T21:35:05+00:00 dhcp-mcfad-460.eduroam.cornell.edu#02 I: Start test suite:40:(42).
2019-11-02T21:35:05+00:00 dhcp-mcfad-460.eduroam.cornell.edu#00 I: 2 tests running: suite:40:(42), suite:33:(35).
2019-11-02T21:35:05+00:00 dhcp-mcfad-460.eduroam.cornell.edu#02 I: Test suite:40:(42) is successful.
2019-11-02T21:35:05+00:00 dhcp-mcfad-460.eduroam.cornell.edu#00 I: 2 tests running: suite:40:(42), suite:33:(35).
2019-11-02T21:35:05+00:00 dhcp-mcfad-460.eduroam.cornell.edu#02 I: End test suite:40:(42).
2019-11-02T21:35:05+00:00 dhcp-mcfad-460.eduroam.cornell.edu#00 I: 2 tests running: suite:40:(42), suite:33:(35).
2019-11-02T21:35:05+00:00 dhcp-mcfad-460.eduroam.cornell.edu#00 I: 2 tests running: suite:41:(43), suite:33:(35).
2019-11-02T21:35:05+00:00 dhcp-mcfad-460.eduroam.cornell.edu#02 I: Start test suite:41:(43).
2019-11-02T21:35:05+00:00 dhcp-mcfad-460.eduroam.cornell.edu#00 I: 2 tests running: suite:41:(43), suite:33:(35).
2019-11-02T21:35:05+00:00 dhcp-mcfad-460.eduroam.cornell.edu#02 I: Test suite:41:(43) is successful.
2019-11-02T21:35:05+00:00 dhcp-mcfad-460.eduroam.cornell.edu#00 I: 2 tests running: suite:41:(43), suite:33:(35).
2019-11-02T21:35:05+00:00 dhcp-mcfad-460.eduroam.cornell.edu#02 I: End test suite:41:(43).
2019-11-02T21:35:05+00:00 dhcp-mcfad-460.eduroam.cornell.edu#00 I: 2 tests running: suite:41:(43), suite:33:(35).
2019-11-02T21:35:05+00:00 dhcp-mcfad-460.eduroam.cornell.edu#00 I: 2 tests running: suite:42:(44), suite:33:(35).
2019-11-02T21:35:05+00:00 dhcp-mcfad-460.eduroam.cornell.edu#02 I: Start test suite:42:(44).
2019-11-02T21:35:05+00:00 dhcp-mcfad-460.eduroam.cornell.edu#00 I: 2 tests running: suite:42:(44), suite:33:(35).
2019-11-02T21:35:05+00:00 dhcp-mcfad-460.eduroam.cornell.edu#02 I: Test suite:42:(44) is successful.
2019-11-02T21:35:05+00:00 dhcp-mcfad-460.eduroam.cornell.edu#00 I: 2 tests running: suite:42:(44), suite:33:(35).
2019-11-02T21:35:05+00:00 dhcp-mcfad-460.eduroam.cornell.edu#02 I: End test suite:42:(44).
2019-11-02T21:35:05+00:00 dhcp-mcfad-460.eduroam.cornell.edu#00 I: 2 tests running: suite:42:(44), suite:33:(35).
2019-11-02T21:35:05+00:00 dhcp-mcfad-460.eduroam.cornell.edu#00 I: Still 2 tests running : suite:43:(45), suite:33:(35).
2019-11-02T21:35:05+00:00 dhcp-mcfad-460.eduroam.cornell.edu#00 I: 2 tests running: suite:43:(45), suite:33:(35).
2019-11-02T21:35:05+00:00 dhcp-mcfad-460.eduroam.cornell.edu#02 I: Start test suite:43:(45).
2019-11-02T21:35:05+00:00 dhcp-mcfad-460.eduroam.cornell.edu#00 I: Still 2 tests running : suite:43:(45), suite:33:(35).
2019-11-02T21:35:05+00:00 dhcp-mcfad-460.eduroam.cornell.edu#00 I: 2 tests running: suite:43:(45), suite:33:(35).
2019-11-02T21:35:05+00:00 dhcp-mcfad-460.eduroam.cornell.edu#02 I: Test suite:43:(45) is successful.
2019-11-02T21:35:05+00:00 dhcp-mcfad-460.eduroam.cornell.edu#00 I: Still 2 tests running : suite:43:(45), suite:33:(35).
2019-11-02T21:35:05+00:00 dhcp-mcfad-460.eduroam.cornell.edu#00 I: 2 tests running: suite:43:(45), suite:33:(35).
2019-11-02T21:35:05+00:00 dhcp-mcfad-460.eduroam.cornell.edu#02 I: End test suite:43:(45).
2019-11-02T21:35:05+00:00 dhcp-mcfad-460.eduroam.cornell.edu#00 I: Still 2 tests running : suite:43:(45), suite:33:(35).
2019-11-02T21:35:05+00:00 dhcp-mcfad-460.eduroam.cornell.edu#00 I: 2 tests running: suite:43:(45), suite:33:(35).
2019-11-02T21:35:05+00:00 dhcp-mcfad-460.eduroam.cornell.edu#00 I: Still 1 tests running : suite:33:(35).
2019-11-02T21:35:05+00:00 dhcp-mcfad-460.eduroam.cornell.edu#00 I: 1 tests running: suite:33:(35).
2019-11-02T21:35:05+00:00 dhcp-mcfad-460.eduroam.cornell.edu#01 I: Test suite:33:(35) is successful.
2019-11-02T21:35:05+00:00 dhcp-mcfad-460.eduroam.cornell.edu#00 I: Still 1 tests running : suite:33:(35).
2019-11-02T21:35:05+00:00 dhcp-mcfad-460.eduroam.cornell.edu#00 I: 1 tests running: suite:33:(35).
2019-11-02T21:35:05+00:00 dhcp-mcfad-460.eduroam.cornell.edu#01 I: End test suite:33:(35).
2019-11-02T21:35:05+00:00 dhcp-mcfad-460.eduroam.cornell.edu#00 I: Still 1 tests running : suite:33:(35).
2019-11-02T21:35:05+00:00 dhcp-mcfad-460.eduroam.cornell.edu#00 I: 1 tests running: suite:33:(35).
2019-11-02T21:35:05+00:00 dhcp-mcfad-460.eduroam.cornell.edu#00 I: 0 tests running: .
2019-11-02T21:35:05+00:00 dhcp-mcfad-460.eduroam.cornell.edu#00 I: Worker dhcp-mcfad-460.eduroam.cornell.edu#02 has ended.
2019-11-02T21:35:05+00:00 dhcp-mcfad-460.eduroam.cornell.edu#00 I: Worker dhcp-mcfad-460.eduroam.cornell.edu#01 has ended.
2019-11-02T21:35:05+00:00 dhcp-mcfad-460.eduroam.cornell.edu#00 I: Used 2 worker during test execution.
2019-11-02T21:35:05+00:00 dhcp-mcfad-460.eduroam.cornell.edu#00 I: Run 28 tests with shard dhcp-mcfad-460.eduroam.cornell.edu#02.
2019-11-02T21:35:05+00:00 dhcp-mcfad-460.eduroam.cornell.edu#00 I: Run 16 tests with shard dhcp-mcfad-460.eduroam.cornell.edu#01.
2019-11-02T21:35:05+00:00 dhcp-mcfad-460.eduroam.cornell.edu#00 I: ==============
2019-11-02T21:35:05+00:00 dhcp-mcfad-460.eduroam.cornell.edu#00 I: Summary:
2019-11-02T21:35:05+00:00 dhcp-mcfad-460.eduroam.cornell.edu#00 I: Test suite:33:(35) is successful.
2019-11-02T21:35:05+00:00 dhcp-mcfad-460.eduroam.cornell.edu#00 I: Test suite:43:(45) is successful.
2019-11-02T21:35:05+00:00 dhcp-mcfad-460.eduroam.cornell.edu#00 I: Test suite:42:(44) is successful.
2019-11-02T21:35:05+00:00 dhcp-mcfad-460.eduroam.cornell.edu#00 I: Test suite:41:(43) is successful.
2019-11-02T21:35:05+00:00 dhcp-mcfad-460.eduroam.cornell.edu#00 I: Test suite:40:(42) is successful.
2019-11-02T21:35:05+00:00 dhcp-mcfad-460.eduroam.cornell.edu#00 I: Test suite:39:(41) is successful.
2019-11-02T21:35:05+00:00 dhcp-mcfad-460.eduroam.cornell.edu#00 I: Test suite:38:(40) is successful.
2019-11-02T21:35:05+00:00 dhcp-mcfad-460.eduroam.cornell.edu#00 I: Test suite:37:(39) is successful.
2019-11-02T21:35:05+00:00 dhcp-mcfad-460.eduroam.cornell.edu#00 I: Test suite:36:(38) is successful.
2019-11-02T21:35:05+00:00 dhcp-mcfad-460.eduroam.cornell.edu#00 I: Test suite:35:(37) is successful.
2019-11-02T21:35:05+00:00 dhcp-mcfad-460.eduroam.cornell.edu#00 I: Test suite:34:(36) is successful.
2019-11-02T21:35:05+00:00 dhcp-mcfad-460.eduroam.cornell.edu#00 I: Test suite:32:(34) is successful.
2019-11-02T21:35:05+00:00 dhcp-mcfad-460.eduroam.cornell.edu#00 I: Test suite:31:(33) is successful.
2019-11-02T21:35:05+00:00 dhcp-mcfad-460.eduroam.cornell.edu#00 I: Test suite:30:(32) is successful.
2019-11-02T21:35:05+00:00 dhcp-mcfad-460.eduroam.cornell.edu#00 I: Test suite:29:(31) is successful.
2019-11-02T21:35:05+00:00 dhcp-mcfad-460.eduroam.cornell.edu#00 I: Test suite:28:(30) is successful.
2019-11-02T21:35:05+00:00 dhcp-mcfad-460.eduroam.cornell.edu#00 I: Test suite:27:(29) is successful.
2019-11-02T21:35:05+00:00 dhcp-mcfad-460.eduroam.cornell.edu#00 I: Test suite:26:(27) is successful.
2019-11-02T21:35:05+00:00 dhcp-mcfad-460.eduroam.cornell.edu#00 I: Test suite:25:(26) is successful.
2019-11-02T21:35:05+00:00 dhcp-mcfad-460.eduroam.cornell.edu#00 I: Test suite:24:(25) is successful.
2019-11-02T21:35:05+00:00 dhcp-mcfad-460.eduroam.cornell.edu#00 I: Test suite:23:(24) is successful.
2019-11-02T21:35:05+00:00 dhcp-mcfad-460.eduroam.cornell.edu#00 I: Test suite:22:(23) is successful.
2019-11-02T21:35:05+00:00 dhcp-mcfad-460.eduroam.cornell.edu#00 I: Test suite:21:(22) is successful.
2019-11-02T21:35:05+00:00 dhcp-mcfad-460.eduroam.cornell.edu#00 I: Test suite:20:(21) is successful.
2019-11-02T21:35:05+00:00 dhcp-mcfad-460.eduroam.cornell.edu#00 I: Test suite:19:(20) is successful.
2019-11-02T21:35:05+00:00 dhcp-mcfad-460.eduroam.cornell.edu#00 I: Test suite:18:(19) is successful.
2019-11-02T21:35:05+00:00 dhcp-mcfad-460.eduroam.cornell.edu#00 I: Test suite:17:(18) is successful.
2019-11-02T21:35:05+00:00 dhcp-mcfad-460.eduroam.cornell.edu#00 I: Test suite:16:(17) is successful.
2019-11-02T21:35:05+00:00 dhcp-mcfad-460.eduroam.cornell.edu#00 I: Test suite:12:(13) is successful.
2019-11-02T21:35:05+00:00 dhcp-mcfad-460.eduroam.cornell.edu#00 I: Test suite:15:(16) is successful.
2019-11-02T21:35:05+00:00 dhcp-mcfad-460.eduroam.cornell.edu#00 I: Test suite:14:(15) is successful.
2019-11-02T21:35:05+00:00 dhcp-mcfad-460.eduroam.cornell.edu#00 I: Test suite:13:(14) is successful.
2019-11-02T21:35:05+00:00 dhcp-mcfad-460.eduroam.cornell.edu#00 I: Test suite:11:(12) is successful.
2019-11-02T21:35:05+00:00 dhcp-mcfad-460.eduroam.cornell.edu#00 I: Test suite:10:(11) is successful.
2019-11-02T21:35:05+00:00 dhcp-mcfad-460.eduroam.cornell.edu#00 I: Test suite:9:(10) is successful.
2019-11-02T21:35:05+00:00 dhcp-mcfad-460.eduroam.cornell.edu#00 I: Test suite:8:(9) is successful.
2019-11-02T21:35:05+00:00 dhcp-mcfad-460.eduroam.cornell.edu#00 I: Test suite:7:(8) is successful.
2019-11-02T21:35:05+00:00 dhcp-mcfad-460.eduroam.cornell.edu#00 I: Test suite:6:(7) is successful.
2019-11-02T21:35:05+00:00 dhcp-mcfad-460.eduroam.cornell.edu#00 I: Test suite:5:(6) is successful.
2019-11-02T21:35:05+00:00 dhcp-mcfad-460.eduroam.cornell.edu#00 I: Test suite:4:(5) is successful.
2019-11-02T21:35:05+00:00 dhcp-mcfad-460.eduroam.cornell.edu#00 I: Test suite:2:(3) is successful.
2019-11-02T21:35:05+00:00 dhcp-mcfad-460.eduroam.cornell.edu#00 I: Test suite:3:(4) is successful.
2019-11-02T21:35:05+00:00 dhcp-mcfad-460.eduroam.cornell.edu#00 I: Test suite:0:(1) is successful.
2019-11-02T21:35:05+00:00 dhcp-mcfad-460.eduroam.cornell.edu#00 I: Test suite:1:(2) is successful.
2019-11-02T21:35:05+00:00 dhcp-mcfad-460.eduroam.cornell.edu#00 I: Ran: 44 tests in: 0.19 seconds.
2019-11-02T21:35:05+00:00 dhcp-mcfad-460.eduroam.cornell.edu#00 I: Cases: 44.
2019-11-02T21:35:05+00:00 dhcp-mcfad-460.eduroam.cornell.edu#00 I: Tried: 44.
2019-11-02T21:35:05+00:00 dhcp-mcfad-460.eduroam.cornell.edu#00 I: Errors: 0.
2019-11-02T21:35:05+00:00 dhcp-mcfad-460.eduroam.cornell.edu#00 I: Failures: 0.
2019-11-02T21:35:05+00:00 dhcp-mcfad-460.eduroam.cornell.edu#00 I: Skip: 0.
2019-11-02T21:35:05+00:00 dhcp-mcfad-460.eduroam.cornell.edu#00 I: Todo: 0.
2019-11-02T21:35:05+00:00 dhcp-mcfad-460.eduroam.cornell.edu#00 I: Timeout: 0.
